<?xml version="1.0" encoding="UTF-8"?>
<!-- Generated by org.testng.reporters.JUnitReportReporter -->
<testsuite skipped="0" hostname="LAPTOP-18R30RO2" name="testNG.ParametersFeature2" tests="1" failures="0" timestamp="17 Aug 2022 11:20:10 GMT" time="4.099" errors="0">
  <testcase name="setUp" time="4.099" classname="testNG.ParametersFeature2"/>
</testsuite> <!-- testNG.ParametersFeature2 -->
