<?xml version="1.0" encoding="UTF-8"?>
<!-- Generated by org.testng.reporters.JUnitReportReporter -->
<testsuite skipped="0" hostname="LAPTOP-18R30RO2" name="testNG.ParametersFeature" tests="1" failures="0" timestamp="29 Jul 2022 05:32:04 GMT" time="4.662" errors="0">
  <testcase name="setUp" time="4.662" classname="testNG.ParametersFeature"/>
</testsuite> <!-- testNG.ParametersFeature -->
